Determining if the pthread_create exist failed with the following output:
Change Dir: /home/administrateur/orca_ws/build/orca/CMakeFiles/CMakeTmp

Run Build Command:"/usr/bin/make" "cmTC_e3102/fast"
/usr/bin/make -f CMakeFiles/cmTC_e3102.dir/build.make CMakeFiles/cmTC_e3102.dir/build
make[1] : on entre dans le répertoire « /home/administrateur/orca_ws/build/orca/CMakeFiles/CMakeTmp »
Building C object CMakeFiles/cmTC_e3102.dir/CheckSymbolExists.c.o
/usr/bin/cc    -fPIE   -o CMakeFiles/cmTC_e3102.dir/CheckSymbolExists.c.o   -c /home/administrateur/orca_ws/build/orca/CMakeFiles/CMakeTmp/CheckSymbolExists.c
Linking C executable cmTC_e3102
/usr/bin/cmake -E cmake_link_script CMakeFiles/cmTC_e3102.dir/link.txt --verbose=1
/usr/bin/cc       CMakeFiles/cmTC_e3102.dir/CheckSymbolExists.c.o  -o cmTC_e3102 -rdynamic 
CMakeFiles/cmTC_e3102.dir/CheckSymbolExists.c.o : Dans la fonction « main » :
CheckSymbolExists.c:(.text+0x1b) : référence indéfinie vers « pthread_create »
collect2: error: ld returned 1 exit status
CMakeFiles/cmTC_e3102.dir/build.make:97 : la recette pour la cible « cmTC_e3102 » a échouée
make[1]: *** [cmTC_e3102] Erreur 1
make[1] : on quitte le répertoire « /home/administrateur/orca_ws/build/orca/CMakeFiles/CMakeTmp »
Makefile:126 : la recette pour la cible « cmTC_e3102/fast » a échouée
make: *** [cmTC_e3102/fast] Erreur 2

File /home/administrateur/orca_ws/build/orca/CMakeFiles/CMakeTmp/CheckSymbolExists.c:
/* */
#include <pthread.h>

int main(int argc, char** argv)
{
  (void)argv;
#ifndef pthread_create
  return ((int*)(&pthread_create))[argc];
#else
  (void)argc;
  return 0;
#endif
}

Determining if the function pthread_create exists in the pthreads failed with the following output:
Change Dir: /home/administrateur/orca_ws/build/orca/CMakeFiles/CMakeTmp

Run Build Command:"/usr/bin/make" "cmTC_4e73a/fast"
/usr/bin/make -f CMakeFiles/cmTC_4e73a.dir/build.make CMakeFiles/cmTC_4e73a.dir/build
make[1] : on entre dans le répertoire « /home/administrateur/orca_ws/build/orca/CMakeFiles/CMakeTmp »
Building C object CMakeFiles/cmTC_4e73a.dir/CheckFunctionExists.c.o
/usr/bin/cc    -DCHECK_FUNCTION_EXISTS=pthread_create -fPIE   -o CMakeFiles/cmTC_4e73a.dir/CheckFunctionExists.c.o   -c /usr/share/cmake-3.5/Modules/CheckFunctionExists.c
Linking C executable cmTC_4e73a
/usr/bin/cmake -E cmake_link_script CMakeFiles/cmTC_4e73a.dir/link.txt --verbose=1
/usr/bin/cc   -DCHECK_FUNCTION_EXISTS=pthread_create    CMakeFiles/cmTC_4e73a.dir/CheckFunctionExists.c.o  -o cmTC_4e73a -rdynamic -lpthreads 
/usr/bin/ld : ne peut trouver -lpthreads
collect2: error: ld returned 1 exit status
CMakeFiles/cmTC_4e73a.dir/build.make:97 : la recette pour la cible « cmTC_4e73a » a échouée
make[1]: *** [cmTC_4e73a] Erreur 1
make[1] : on quitte le répertoire « /home/administrateur/orca_ws/build/orca/CMakeFiles/CMakeTmp »
Makefile:126 : la recette pour la cible « cmTC_4e73a/fast » a échouée
make: *** [cmTC_4e73a/fast] Erreur 2


