In file included from [01m[K/home/administrateur/orca_ws/src/orca_pu/05-orca_gazebo.cc:50:0[m[K:
[01m[K/home/administrateur/orca_ws/src/orca_pu/orca_pu_gazebo_ctrs.hpp:[m[K In member function ‘[01m[Kvirtual void EnergyConstraint::onUpdateConstraintFunction(double, double)[m[K’:
[01m[K/home/administrateur/orca_ws/src/orca_pu/orca_pu_gazebo_ctrs.hpp:43:50:[m[K [01;35m[Kwarning: [m[K‘[01m[Kgazebo::physics::PhysicsEnginePtr gazebo::physics::World::GetPhysicsEngine() const[m[K’ is deprecated [-Wdeprecated-declarations]
     double sim_step_dt = world->GetPhysicsEngine()->GetRealTimeUpdateRate()*1e-6;
[01;32m[K                                                  ^[m[K
In file included from [01m[K/usr/include/gazebo-8/gazebo/physics/Population.hh:28:0[m[K,
                 from [01m[K/usr/include/gazebo-8/gazebo/physics/physics.hh:41[m[K,
                 from [01m[K/home/administrateur/orca_ws/src/orca/include/orca/gazebo/GazeboServer.h:44[m[K,
                 from [01m[K/home/administrateur/orca_ws/src/orca_pu/05-orca_gazebo.cc:42[m[K:
[01m[K/usr/include/gazebo-8/gazebo/physics/World.hh:147:32:[m[K [01;36m[Knote: [m[Kdeclared here
       public: PhysicsEnginePtr GetPhysicsEngine() const GAZEBO_DEPRECATED(8.0);
[01;32m[K                                ^[m[K
[01m[K/home/administrateur/orca_ws/src/orca_pu/05-orca_gazebo.cc:[m[K In function ‘[01m[Kint main(int, const char**)[m[K’:
[01m[K/home/administrateur/orca_ws/src/orca_pu/05-orca_gazebo.cc:100:6:[m[K [01;31m[Kerror: [m[K‘[01m[Kshare_ptr[m[K’ is not a member of ‘[01m[Kstd[m[K’
      std::share_ptr<gravityRegular> gravity_reg = controller.addTask<gravityRegular>("gravity_regularisation");
[01;32m[K      ^[m[K
[01m[K/home/administrateur/orca_ws/src/orca_pu/05-orca_gazebo.cc:100:35:[m[K [01;31m[Kerror: [m[Kexpected primary-expression before ‘[01m[K>[m[K’ token
      std::share_ptr<gravityRegular> gravity_reg = controller.addTask<gravityRegular>("gravity_regularisation");
[01;32m[K                                   ^[m[K
[01m[K/home/administrateur/orca_ws/src/orca_pu/05-orca_gazebo.cc:100:37:[m[K [01;31m[Kerror: [m[K‘[01m[Kgravity_reg[m[K’ was not declared in this scope
      std::share_ptr<gravityRegular> gravity_reg = controller.addTask<gravityRegular>("gravity_regularisation");
[01;32m[K                                     ^[m[K
make[2]: *** [CMakeFiles/05-orca_gazebo.dir/05-orca_gazebo.cc.o] Erreur 1
make[1]: *** [CMakeFiles/05-orca_gazebo.dir/all] Erreur 2
make: *** [all] Erreur 2
